<?xml version="1.0" encoding="UTF-8"?>
<!-- Generated by org.testng.reporters.JUnitXMLReporter -->
<testsuite ignored="0" hostname="Subhankar-DESKTOP-JVFSMT7" failures="0" tests="5" name="TestNg Assessment" time="39.55" errors="0" timestamp="2025-07-21T07:27:32 GMT-04:00">
  <testcase classname="tests.TestClass" name="registrationTest" time="2.119"/>
  <testcase classname="tests.TestClass" name="loginTest" time="1.266"/>
  <testcase classname="tests.TestClass" name="searchTest" time="3.091"/>
  <testcase classname="tests.TestClass" name="searchTest" time="2.193"/>
  <testcase classname="tests.TestClass" name="searchTest" time="1.987"/>
</testsuite> <!-- TestNg Assessment -->
