<?xml version="1.0" encoding="UTF-8"?>
<testng-results ignored="0" total="5" passed="5" failed="0" skipped="0">
  <reporter-output>
  </reporter-output>
  <suite started-at="2025-07-21T07:26:53 GMT-04:00" name="IIHT_21072025" finished-at="2025-07-21T07:27:32 GMT-04:00" duration-ms="39550">
    <groups>
      <group name="businesslogic">
        <method signature="TestClass.registrationTest()[pri:1, instance:tests.TestClass@17f62e33]" name="registrationTest" class="tests.TestClass"/>
        <method signature="TestClass.loginTest(java.lang.String,java.lang.String)[pri:2, instance:tests.TestClass@17f62e33]" name="loginTest" class="tests.TestClass"/>
        <method signature="TestClass.searchTest()[pri:3, instance:tests.TestClass@17f62e33]" name="searchTest" class="tests.TestClass"/>
      </group> <!-- businesslogic -->
    </groups>
    <test started-at="2025-07-21T07:26:53 GMT-04:00" name="TestNg Assessment" finished-at="2025-07-21T07:27:32 GMT-04:00" duration-ms="39550">
      <class name="tests.TestClass">
        <test-method is-config="true" signature="setup()[pri:0, instance:tests.TestClass@17f62e33]" started-at="2025-07-21T07:26:53 GMT-04:00" name="setup" finished-at="2025-07-21T07:27:00 GMT-04:00" duration-ms="6995" status="PASS">
          <reporter-output>
          </reporter-output>
        </test-method> <!-- setup -->
        <test-method signature="registrationTest()[pri:1, instance:tests.TestClass@17f62e33]" started-at="2025-07-21T07:27:00 GMT-04:00" name="registrationTest" finished-at="2025-07-21T07:27:02 GMT-04:00" duration-ms="2119" status="PASS">
          <reporter-output>
          </reporter-output>
        </test-method> <!-- registrationTest -->
        <test-method is-config="true" signature="teardown()[pri:0, instance:tests.TestClass@17f62e33]" started-at="2025-07-21T07:27:02 GMT-04:00" name="teardown" finished-at="2025-07-21T07:27:02 GMT-04:00" duration-ms="238" status="PASS">
          <reporter-output>
          </reporter-output>
        </test-method> <!-- teardown -->
        <test-method is-config="true" signature="setup()[pri:0, instance:tests.TestClass@17f62e33]" started-at="2025-07-21T07:27:02 GMT-04:00" name="setup" finished-at="2025-07-21T07:27:07 GMT-04:00" duration-ms="4812" status="PASS">
          <reporter-output>
          </reporter-output>
        </test-method> <!-- setup -->
        <test-method signature="loginTest(java.lang.String,java.lang.String)[pri:2, instance:tests.TestClass@17f62e33]" started-at="2025-07-21T07:27:07 GMT-04:00" name="loginTest" data-provider="loginData" finished-at="2025-07-21T07:27:08 GMT-04:00" duration-ms="1266" status="PASS">
          <params>
            <param index="0">
              <value>
                <![CDATA[john.doe@example.com]]>
              </value>
            </param>
            <param index="1">
              <value>
                <![CDATA[Password123]]>
              </value>
            </param>
          </params>
          <reporter-output>
          </reporter-output>
        </test-method> <!-- loginTest -->
        <test-method is-config="true" signature="teardown()[pri:0, instance:tests.TestClass@17f62e33]" started-at="2025-07-21T07:27:08 GMT-04:00" name="teardown" finished-at="2025-07-21T07:27:08 GMT-04:00" duration-ms="229" status="PASS">
          <reporter-output>
          </reporter-output>
        </test-method> <!-- teardown -->
        <test-method is-config="true" signature="setup()[pri:0, instance:tests.TestClass@17f62e33]" started-at="2025-07-21T07:27:08 GMT-04:00" name="setup" finished-at="2025-07-21T07:27:14 GMT-04:00" duration-ms="5651" status="PASS">
          <reporter-output>
          </reporter-output>
        </test-method> <!-- setup -->
        <test-method signature="searchTest()[pri:3, instance:tests.TestClass@17f62e33]" started-at="2025-07-21T07:27:14 GMT-04:00" name="searchTest" finished-at="2025-07-21T07:27:17 GMT-04:00" duration-ms="3091" status="PASS">
          <reporter-output>
          </reporter-output>
        </test-method> <!-- searchTest -->
        <test-method is-config="true" signature="teardown()[pri:0, instance:tests.TestClass@17f62e33]" started-at="2025-07-21T07:27:17 GMT-04:00" name="teardown" finished-at="2025-07-21T07:27:17 GMT-04:00" duration-ms="255" status="PASS">
          <reporter-output>
          </reporter-output>
        </test-method> <!-- teardown -->
        <test-method is-config="true" signature="setup()[pri:0, instance:tests.TestClass@17f62e33]" started-at="2025-07-21T07:27:17 GMT-04:00" name="setup" finished-at="2025-07-21T07:27:23 GMT-04:00" duration-ms="5101" status="PASS">
          <reporter-output>
          </reporter-output>
        </test-method> <!-- setup -->
        <test-method signature="searchTest()[pri:3, instance:tests.TestClass@17f62e33]" started-at="2025-07-21T07:27:23 GMT-04:00" name="searchTest" finished-at="2025-07-21T07:27:25 GMT-04:00" duration-ms="2193" status="PASS">
          <reporter-output>
          </reporter-output>
        </test-method> <!-- searchTest -->
        <test-method is-config="true" signature="teardown()[pri:0, instance:tests.TestClass@17f62e33]" started-at="2025-07-21T07:27:25 GMT-04:00" name="teardown" finished-at="2025-07-21T07:27:25 GMT-04:00" duration-ms="255" status="PASS">
          <reporter-output>
          </reporter-output>
        </test-method> <!-- teardown -->
        <test-method is-config="true" signature="setup()[pri:0, instance:tests.TestClass@17f62e33]" started-at="2025-07-21T07:27:25 GMT-04:00" name="setup" finished-at="2025-07-21T07:27:30 GMT-04:00" duration-ms="4992" status="PASS">
          <reporter-output>
          </reporter-output>
        </test-method> <!-- setup -->
        <test-method signature="searchTest()[pri:3, instance:tests.TestClass@17f62e33]" started-at="2025-07-21T07:27:30 GMT-04:00" name="searchTest" finished-at="2025-07-21T07:27:32 GMT-04:00" duration-ms="1987" status="PASS">
          <reporter-output>
          </reporter-output>
        </test-method> <!-- searchTest -->
        <test-method is-config="true" signature="teardown()[pri:0, instance:tests.TestClass@17f62e33]" started-at="2025-07-21T07:27:32 GMT-04:00" name="teardown" finished-at="2025-07-21T07:27:32 GMT-04:00" duration-ms="255" status="PASS">
          <reporter-output>
          </reporter-output>
        </test-method> <!-- teardown -->
      </class> <!-- tests.TestClass -->
    </test> <!-- TestNg Assessment -->
  </suite> <!-- IIHT_21072025 -->
</testng-results>
