<?xml version="1.0" encoding="UTF-8"?>
<!-- Generated by org.testng.reporters.JUnitXMLReporter -->
<testsuite ignored="0" hostname="Subhankar-DESKTOP-JVFSMT7" failures="0" tests="5" name="TestNg Assessment" time="37.451" errors="0" timestamp="2025-07-22T15:44:01 GMT-04:00">
  <testcase classname="tests.TestClass" name="registrationTest" time="2.19"/>
  <testcase classname="tests.TestClass" name="loginTest" time="1.083"/>
  <testcase classname="tests.TestClass" name="searchTest" time="3.756"/>
  <testcase classname="tests.TestClass" name="searchTest" time="2.898"/>
  <testcase classname="tests.TestClass" name="searchTest" time="1.767"/>
</testsuite> <!-- TestNg Assessment -->
